# JRE version: Java(TM) SE Runtime Environment (9.0+11) (build 9.0.4+11)
# Java VM: Java HotSpot(TM) 64-Bit Server VM (9.0.4+11, mixed mode, tiered, compressed oops, g1 gc, windows-amd64)
Heap:
 garbage-first heap   total 178176K, used 93120K [0x0000000700000000, 0x0000000700100570, 0x00000007c0000000)
  region size 1024K, 10 young (10240K), 3 survivors (3072K)
 Metaspace       used 87512K, capacity 94244K, committed 94512K, reserved 1130496K
  class space    used 12909K, capacity 14076K, committed 14128K, reserved 1048576K
GC Heap History (10 events):
Event: 492.984 GC heap before
{Heap before GC invocations=134 (full 6):
 garbage-first heap   total 148480K, used 144005K [0x0000000700000000, 0x0000000700100488, 0x00000007c0000000)
  region size 1024K, 60 young (61440K), 1 survivors (1024K)
 Metaspace       used 87326K, capacity 94020K, committed 94256K, reserved 1130496K
  class space    used 12883K, capacity 14044K, committed 14128K, reserved 1048576K
}
Event: 492.987 GC heap after
{Heap after GC invocations=135 (full 6):
 garbage-first heap   total 148480K, used 84375K [0x0000000700000000, 0x0000000700100488, 0x00000007c0000000)
  region size 1024K, 2 young (2048K), 2 survivors (2048K)
 Metaspace       used 87326K, capacity 94020K, committed 94256K, reserved 1130496K
  class space    used 12883K, capacity 14044K, committed 14128K, reserved 1048576K
}
Event: 499.464 GC heap before
{Heap before GC invocations=135 (full 6):
 garbage-first heap   total 148480K, used 143767K [0x0000000700000000, 0x0000000700100488, 0x00000007c0000000)
  region size 1024K, 60 young (61440K), 2 survivors (2048K)
 Metaspace       used 87383K, capacity 94084K, committed 94256K, reserved 1130496K
  class space    used 12889K, capacity 14044K, committed 14128K, reserved 1048576K
}
Event: 499.468 GC heap after
{Heap after GC invocations=136 (full 6):
 garbage-first heap   total 148480K, used 84604K [0x0000000700000000, 0x0000000700100488, 0x00000007c0000000)
  region size 1024K, 2 young (2048K), 2 survivors (2048K)
 Metaspace       used 87383K, capacity 94084K, committed 94256K, reserved 1130496K
  class space    used 12889K, capacity 14044K, committed 14128K, reserved 1048576K
}
Event: 499.753 GC heap before
{Heap before GC invocations=137 (full 6):
 garbage-first heap   total 148480K, used 143996K [0x0000000700000000, 0x0000000700100488, 0x00000007c0000000)
  region size 1024K, 60 young (61440K), 2 survivors (2048K)
 Metaspace       used 87393K, capacity 94084K, committed 94256K, reserved 1130496K
  class space    used 12889K, capacity 14044K, committed 14128K, reserved 1048576K
}
Event: 499.757 GC heap after
{Heap after GC invocations=138 (full 6):
 garbage-first heap   total 148480K, used 84482K [0x0000000700000000, 0x0000000700100488, 0x00000007c0000000)
  region size 1024K, 2 young (2048K), 2 survivors (2048K)
 Metaspace       used 87393K, capacity 94084K, committed 94256K, reserved 1130496K
  class space    used 12889K, capacity 14044K, committed 14128K, reserved 1048576K
}
Event: 501.205 GC heap before
{Heap before GC invocations=138 (full 6):
 garbage-first heap   total 148480K, used 143874K [0x0000000700000000, 0x0000000700100488, 0x00000007c0000000)
  region size 1024K, 60 young (61440K), 2 survivors (2048K)
 Metaspace       used 87446K, capacity 94148K, committed 94256K, reserved 1130496K
  class space    used 12903K, capacity 14044K, committed 14128K, reserved 1048576K
}
Event: 501.210 GC heap after
{Heap after GC invocations=139 (full 6):
 garbage-first heap   total 148480K, used 84835K [0x0000000700000000, 0x0000000700100488, 0x00000007c0000000)
  region size 1024K, 2 young (2048K), 2 survivors (2048K)
 Metaspace       used 87446K, capacity 94148K, committed 94256K, reserved 1130496K
  class space    used 12903K, capacity 14044K, committed 14128K, reserved 1048576K
}
Event: 502.057 GC heap before
{Heap before GC invocations=140 (full 6):
 garbage-first heap   total 148480K, used 90979K [0x0000000700000000, 0x0000000700100488, 0x00000007c0000000)
  region size 1024K, 9 young (9216K), 2 survivors (2048K)
 Metaspace       used 87501K, capacity 94180K, committed 94256K, reserved 1130496K
  class space    used 12909K, capacity 14076K, committed 14128K, reserved 1048576K
}
Event: 502.061 GC heap after
{Heap after GC invocations=141 (full 6):
 garbage-first heap   total 178176K, used 84928K [0x0000000700000000, 0x0000000700100570, 0x00000007c0000000)
  region size 1024K, 3 young (3072K), 3 survivors (3072K)
 Metaspace       used 87501K, capacity 94180K, committed 94256K, reserved 1130496K
  class space    used 12909K, capacity 14076K, committed 14128K, reserved 1048576K
}

