# JRE version: Java(TM) SE Runtime Environment (9.0+11) (build 9.0.4+11)
# Java VM: Java HotSpot(TM) 64-Bit Server VM (9.0.4+11, mixed mode, tiered, compressed oops, g1 gc, windows-amd64)
Heap:
 garbage-first heap   total 339968K, used 123580K [0x0000000700000000, 0x0000000700100a60, 0x00000007c0000000)
  region size 1024K, 9 young (9216K), 2 survivors (2048K)
 Metaspace       used 91373K, capacity 94306K, committed 99580K, reserved 1134592K
  class space    used 12639K, capacity 13223K, committed 14332K, reserved 1048576K
GC Heap History (10 events):
Event: 9633.536 GC heap before
{Heap before GC invocations=1360 (full 686):
 garbage-first heap   total 339968K, used 175107K [0x0000000700000000, 0x0000000700100a60, 0x00000007c0000000)
  region size 1024K, 60 young (61440K), 1 survivors (1024K)
 Metaspace       used 91305K, capacity 94230K, committed 99324K, reserved 1134592K
  class space    used 12636K, capacity 13221K, committed 14332K, reserved 1048576K
}
Event: 9633.539 GC heap after
{Heap after GC invocations=1361 (full 686):
 garbage-first heap   total 339968K, used 114981K [0x0000000700000000, 0x0000000700100a60, 0x00000007c0000000)
  region size 1024K, 1 young (1024K), 1 survivors (1024K)
 Metaspace       used 91305K, capacity 94230K, committed 99324K, reserved 1134592K
  class space    used 12636K, capacity 13221K, committed 14332K, reserved 1048576K
}
Event: 9634.697 GC heap before
{Heap before GC invocations=1361 (full 686):
 garbage-first heap   total 339968K, used 175397K [0x0000000700000000, 0x0000000700100a60, 0x00000007c0000000)
  region size 1024K, 60 young (61440K), 1 survivors (1024K)
 Metaspace       used 91347K, capacity 94294K, committed 99580K, reserved 1134592K
  class space    used 12636K, capacity 13221K, committed 14332K, reserved 1048576K
}
Event: 9634.701 GC heap after
{Heap after GC invocations=1362 (full 686):
 garbage-first heap   total 339968K, used 115647K [0x0000000700000000, 0x0000000700100a60, 0x00000007c0000000)
  region size 1024K, 2 young (2048K), 2 survivors (2048K)
 Metaspace       used 91347K, capacity 94294K, committed 99580K, reserved 1134592K
  class space    used 12636K, capacity 13221K, committed 14332K, reserved 1048576K
}
Event: 9636.560 GC heap before
{Heap before GC invocations=1362 (full 686):
 garbage-first heap   total 339968K, used 175039K [0x0000000700000000, 0x0000000700100a60, 0x00000007c0000000)
  region size 1024K, 60 young (61440K), 2 survivors (2048K)
 Metaspace       used 91350K, capacity 94294K, committed 99580K, reserved 1134592K
  class space    used 12636K, capacity 13221K, committed 14332K, reserved 1048576K
}
Event: 9636.563 GC heap after
{Heap after GC invocations=1363 (full 686):
 garbage-first heap   total 339968K, used 115125K [0x0000000700000000, 0x0000000700100a60, 0x00000007c0000000)
  region size 1024K, 1 young (1024K), 1 survivors (1024K)
 Metaspace       used 91350K, capacity 94294K, committed 99580K, reserved 1134592K
  class space    used 12636K, capacity 13221K, committed 14332K, reserved 1048576K
}
Event: 9636.786 GC heap before
{Heap before GC invocations=1363 (full 686):
 garbage-first heap   total 339968K, used 175541K [0x0000000700000000, 0x0000000700100a60, 0x00000007c0000000)
  region size 1024K, 60 young (61440K), 1 survivors (1024K)
 Metaspace       used 91350K, capacity 94294K, committed 99580K, reserved 1134592K
  class space    used 12636K, capacity 13221K, committed 14332K, reserved 1048576K
}
Event: 9636.789 GC heap after
{Heap after GC invocations=1364 (full 686):
 garbage-first heap   total 339968K, used 114903K [0x0000000700000000, 0x0000000700100a60, 0x00000007c0000000)
  region size 1024K, 1 young (1024K), 1 survivors (1024K)
 Metaspace       used 91350K, capacity 94294K, committed 99580K, reserved 1134592K
  class space    used 12636K, capacity 13221K, committed 14332K, reserved 1048576K
}
Event: 9639.533 GC heap before
{Heap before GC invocations=1364 (full 686):
 garbage-first heap   total 339968K, used 143575K [0x0000000700000000, 0x0000000700100a60, 0x00000007c0000000)
  region size 1024K, 28 young (28672K), 1 survivors (1024K)
 Metaspace       used 91362K, capacity 94294K, committed 99580K, reserved 1134592K
  class space    used 12636K, capacity 13221K, committed 14332K, reserved 1048576K
}
Event: 9639.537 GC heap after
{Heap after GC invocations=1365 (full 686):
 garbage-first heap   total 339968K, used 117436K [0x0000000700000000, 0x0000000700100a60, 0x00000007c0000000)
  region size 1024K, 2 young (2048K), 2 survivors (2048K)
 Metaspace       used 91362K, capacity 94294K, committed 99580K, reserved 1134592K
  class space    used 12636K, capacity 13221K, committed 14332K, reserved 1048576K
}

